<?xml version="1.0" encoding="UTF-8"?>
<!-- Generated by org.testng.reporters.JUnitReportReporter -->
<testsuite skipped="0" hostname="DESKTOP-UNQCSCA" name="module6.GitHubLogin" tests="1" failures="0" timestamp="2020-01-25T09:01:06 IST" time="5.915" errors="0">
  <testcase name="Login" time="5.915" classname="module6.GitHubLogin"/>
</testsuite> <!-- module6.GitHubLogin -->
