<?xml version="1.0" encoding="UTF-8"?>
<!-- Generated by org.testng.reporters.JUnitReportReporter -->
<testsuite skipped="0" hostname="DESKTOP-UNQCSCA" name="module6.GitHubLogin2" tests="6" failures="0" timestamp="2020-01-25T09:20:15 IST" time="20.637" errors="0">
  <testcase name="Browser" time="5.857" classname="module6.GitHubLogin2"/>
  <testcase name="OpenAUT" time="2.485" classname="module6.GitHubLogin2"/>
  <testcase name="ValidateURL" time="0.007" classname="module6.GitHubLogin2"/>
  <testcase name="Login" time="5.529" classname="module6.GitHubLogin2"/>
  <testcase name="Logout" time="3.141" classname="module6.GitHubLogin2"/>
  <testcase name="CloseTestCase" time="3.618" classname="module6.GitHubLogin2"/>
</testsuite> <!-- module6.GitHubLogin2 -->
