<?xml version="1.0" encoding="UTF-8"?>
<!-- Generated by org.testng.reporters.JUnitReportReporter -->
<testsuite skipped="0" hostname="DESKTOP-UNQCSCA" name="module6.Sequencing" tests="5" failures="0" timestamp="2020-01-25T09:13:53 IST" time="0.014" errors="0">
  <testcase name="Mumbai" time="0.001" classname="module6.Sequencing"/>
  <testcase name="Pune" time="0.001" classname="module6.Sequencing"/>
  <testcase name="Chennai" time="0.001" classname="module6.Sequencing"/>
  <testcase name="Banglore" time="0.010" classname="module6.Sequencing"/>
  <testcase name="Hyderabad" time="0.001" classname="module6.Sequencing"/>
</testsuite> <!-- module6.Sequencing -->
