<?xml version="1.0" encoding="UTF-8"?>
<!-- Generated by org.testng.reporters.JUnitReportReporter -->
<testsuite skipped="0" hostname="DESKTOP-UNQCSCA" name="module6.Grouping1" tests="12" failures="0" timestamp="2020-01-26T07:35:08 IST" time="30.782" errors="0">
  <testcase name="Browser" time="5.920" classname="module6.Grouping1"/>
  <testcase name="Browser" time="5.167" classname="module6.Grouping1"/>
  <testcase name="OpenAUT" time="1.827" classname="module6.Grouping1"/>
  <testcase name="OpenAUT" time="1.776" classname="module6.Grouping1"/>
  <testcase name="Login" time="8.676" classname="module6.Grouping1"/>
  <testcase name="Logout" time="4.284" classname="module6.Grouping1"/>
  <testcase name="ClickRegisterLink" time="0.916" classname="module6.Grouping1"/>
  <testcase name="ClickContactUsLink" time="0.689" classname="module6.Grouping1"/>
  <testcase name="ClickSupportLink" time="0.676" classname="module6.Grouping1"/>
  <testcase name="ClickSignOnLink" time="0.710" classname="module6.Grouping1"/>
  <testcase name="CloseBrowser" time="0.081" classname="module6.Grouping1"/>
  <testcase name="CloseBrowser" time="0.060" classname="module6.Grouping1"/>
</testsuite> <!-- module6.Grouping1 -->
