<?xml version="1.0" encoding="UTF-8"?>
<!-- Generated by org.testng.reporters.JUnitReportReporter -->
<testsuite skipped="0" hostname="DESKTOP-UNQCSCA" name="module6.Priority" tests="5" failures="0" timestamp="2020-01-25T09:17:24 IST" time="0.018" errors="0">
  <testcase name="Banglore" time="0.013" classname="module6.Priority"/>
  <testcase name="Hyderabad" time="0.002" classname="module6.Priority"/>
  <testcase name="Mumbai" time="0.001" classname="module6.Priority"/>
  <testcase name="Chennai" time="0.002" classname="module6.Priority"/>
  <testcase name="Pune" time="0.000" classname="module6.Priority"/>
</testsuite> <!-- module6.Priority -->
