<?xml version="1.0" encoding="UTF-8"?>
<!-- Generated by org.testng.reporters.JUnitReportReporter -->
<testsuite skipped="0" hostname="DESKTOP-UNQCSCA" name="module6.DemoTestNG" tests="1" failures="0" timestamp="2020-01-25T08:26:56 IST" time="0.007" errors="0">
  <testcase name="Test1" time="0.007" classname="module6.DemoTestNG"/>
</testsuite> <!-- module6.DemoTestNG -->
