<?xml version="1.0" encoding="UTF-8"?>
<!-- Generated by org.testng.reporters.JUnitReportReporter -->
<testsuite skipped="0" hostname="DESKTOP-UNQCSCA" name="module7.GRIDTest" tests="4" failures="0" timestamp="2020-02-01T08:08:06 IST" time="14.330" errors="0">
  <testcase name="openBrowser" time="5.913" classname="module7.GRIDTest"/>
  <testcase name="OpenAUT" time="2.414" classname="module7.GRIDTest"/>
  <testcase name="Validate" time="0.177" classname="module7.GRIDTest"/>
  <testcase name="QuitBrowser" time="5.826" classname="module7.GRIDTest"/>
</testsuite> <!-- module7.GRIDTest -->
